alter index zamowienia_pk visible;
alter index zam_idx1 visible;
alter index zam_idx2 visible;


Plan hash value: 2865752323
 
---------------------------------------------------------------------------------------------
| Id  | Operation                   | Name          | Rows  | Bytes | Cost (%CPU)| Time     |
---------------------------------------------------------------------------------------------
|   0 | SELECT STATEMENT            |               |     1 |     8 |     2   (0)| 00:00:01 |
|   1 |  TABLE ACCESS BY INDEX ROWID| ZAMOWIENIA    |     1 |     8 |     2   (0)| 00:00:01 |
|*  2 |   INDEX UNIQUE SCAN         | ZAMOWIENIA_PK |     1 |       |     1   (0)| 00:00:01 |
---------------------------------------------------------------------------------------------
 
Predicate Information (identified by operation id):
---------------------------------------------------
 
   2 - access("ID_ZAMOWIENIA"=100)


Plan hash value: 3399009302
 
----------------------------------------------------------------------------------
| Id  | Operation             | Name     | Rows  | Bytes | Cost (%CPU)| Time     |
----------------------------------------------------------------------------------
|   0 | SELECT STATEMENT      |          |  1199 |  9592 |     5  (20)| 00:00:01 |
|   1 |  SORT ORDER BY        |          |  1199 |  9592 |     5  (20)| 00:00:01 |
|*  2 |   INDEX FAST FULL SCAN| ZAM_IDX2 |  1199 |  9592 |     4   (0)| 00:00:01 |
----------------------------------------------------------------------------------
 
Predicate Information (identified by operation id):
---------------------------------------------------
 
   2 - filter("ID_ZAMOWIENIA"<=1199 AND "ID_ZAMOWIENIA">=1)


Plan hash value: 1427452271
 
----------------------------------------------------------------------------------
| Id  | Operation             | Name     | Rows  | Bytes | Cost (%CPU)| Time     |
----------------------------------------------------------------------------------
|   0 | SELECT STATEMENT      |          |  3000 | 12000 |     5  (20)| 00:00:01 |
|   1 |  SORT ORDER BY        |          |  3000 | 12000 |     5  (20)| 00:00:01 |
|   2 |   INDEX FAST FULL SCAN| ZAM_IDX1 |  3000 | 12000 |     4   (0)| 00:00:01 |
----------------------------------------------------------------------------------



alter index zamowienia_pk invisible;
alter index zam_idx1 visible;
alter index zam_idx2 visible;



Plan hash value: 3399009302
 
----------------------------------------------------------------------------------
| Id  | Operation             | Name     | Rows  | Bytes | Cost (%CPU)| Time     |
----------------------------------------------------------------------------------
|   0 | SELECT STATEMENT      |          |     1 |     8 |     5  (20)| 00:00:01 |
|   1 |  SORT ORDER BY        |          |     1 |     8 |     5  (20)| 00:00:01 |
|*  2 |   INDEX FAST FULL SCAN| ZAM_IDX2 |     1 |     8 |     4   (0)| 00:00:01 |
----------------------------------------------------------------------------------
 
Predicate Information (identified by operation id):
---------------------------------------------------
 
   2 - filter("ID_ZAMOWIENIA"=100)


Plan hash value: 3399009302
 
----------------------------------------------------------------------------------
| Id  | Operation             | Name     | Rows  | Bytes | Cost (%CPU)| Time     |
----------------------------------------------------------------------------------
|   0 | SELECT STATEMENT      |          |  1199 |  9592 |     5  (20)| 00:00:01 |
|   1 |  SORT ORDER BY        |          |  1199 |  9592 |     5  (20)| 00:00:01 |
|*  2 |   INDEX FAST FULL SCAN| ZAM_IDX2 |  1199 |  9592 |     4   (0)| 00:00:01 |
----------------------------------------------------------------------------------
 
Predicate Information (identified by operation id):
---------------------------------------------------
 
   2 - filter("ID_ZAMOWIENIA"<=1199 AND "ID_ZAMOWIENIA">=1)


Plan hash value: 1427452271
 
----------------------------------------------------------------------------------
| Id  | Operation             | Name     | Rows  | Bytes | Cost (%CPU)| Time     |
----------------------------------------------------------------------------------
|   0 | SELECT STATEMENT      |          |  3000 | 12000 |     5  (20)| 00:00:01 |
|   1 |  SORT ORDER BY        |          |  3000 | 12000 |     5  (20)| 00:00:01 |
|   2 |   INDEX FAST FULL SCAN| ZAM_IDX1 |  3000 | 12000 |     4   (0)| 00:00:01 |
----------------------------------------------------------------------------------



alter index zamowienia_pk invisible;
alter index zam_idx1 invisible;
alter index zam_idx2 visible;


Plan hash value: 3399009302
 
----------------------------------------------------------------------------------
| Id  | Operation             | Name     | Rows  | Bytes | Cost (%CPU)| Time     |
----------------------------------------------------------------------------------
|   0 | SELECT STATEMENT      |          |     1 |     8 |     5  (20)| 00:00:01 |
|   1 |  SORT ORDER BY        |          |     1 |     8 |     5  (20)| 00:00:01 |
|*  2 |   INDEX FAST FULL SCAN| ZAM_IDX2 |     1 |     8 |     4   (0)| 00:00:01 |
----------------------------------------------------------------------------------
 
Predicate Information (identified by operation id):
---------------------------------------------------
 
   2 - filter("ID_ZAMOWIENIA"=100)


Plan hash value: 3399009302
 
----------------------------------------------------------------------------------
| Id  | Operation             | Name     | Rows  | Bytes | Cost (%CPU)| Time     |
----------------------------------------------------------------------------------
|   0 | SELECT STATEMENT      |          |  1199 |  9592 |     5  (20)| 00:00:01 |
|   1 |  SORT ORDER BY        |          |  1199 |  9592 |     5  (20)| 00:00:01 |
|*  2 |   INDEX FAST FULL SCAN| ZAM_IDX2 |  1199 |  9592 |     4   (0)| 00:00:01 |
----------------------------------------------------------------------------------
 
Predicate Information (identified by operation id):
---------------------------------------------------
 
   2 - filter("ID_ZAMOWIENIA"<=1199 AND "ID_ZAMOWIENIA">=1)


Plan hash value: 3399009302
 
----------------------------------------------------------------------------------
| Id  | Operation             | Name     | Rows  | Bytes | Cost (%CPU)| Time     |
----------------------------------------------------------------------------------
|   0 | SELECT STATEMENT      |          |  3000 | 12000 |     5  (20)| 00:00:01 |
|   1 |  SORT ORDER BY        |          |  3000 | 12000 |     5  (20)| 00:00:01 |
|   2 |   INDEX FAST FULL SCAN| ZAM_IDX2 |  3000 | 12000 |     4   (0)| 00:00:01 |
----------------------------------------------------------------------------------



alter index zamowienia_pk visible;
alter index zam_idx1 visible;
alter index zam_idx2 invisible;



Plan hash value: 2865752323
 
---------------------------------------------------------------------------------------------
| Id  | Operation                   | Name          | Rows  | Bytes | Cost (%CPU)| Time     |
---------------------------------------------------------------------------------------------
|   0 | SELECT STATEMENT            |               |     1 |     8 |     2   (0)| 00:00:01 |
|   1 |  TABLE ACCESS BY INDEX ROWID| ZAMOWIENIA    |     1 |     8 |     2   (0)| 00:00:01 |
|*  2 |   INDEX UNIQUE SCAN         | ZAMOWIENIA_PK |     1 |       |     1   (0)| 00:00:01 |
---------------------------------------------------------------------------------------------
 
Predicate Information (identified by operation id):
---------------------------------------------------
 
   2 - access("ID_ZAMOWIENIA"=100)


Plan hash value: 220877798
 
---------------------------------------------------------------------------------
| Id  | Operation          | Name       | Rows  | Bytes | Cost (%CPU)| Time     |
---------------------------------------------------------------------------------
|   0 | SELECT STATEMENT   |            |  1199 |  9592 |     8  (13)| 00:00:01 |
|   1 |  SORT ORDER BY     |            |  1199 |  9592 |     8  (13)| 00:00:01 |
|*  2 |   TABLE ACCESS FULL| ZAMOWIENIA |  1199 |  9592 |     7   (0)| 00:00:01 |
---------------------------------------------------------------------------------
 
Predicate Information (identified by operation id):
---------------------------------------------------
 
   2 - filter("ID_ZAMOWIENIA"<=1199 AND "ID_ZAMOWIENIA">=1)


Plan hash value: 1427452271
 
----------------------------------------------------------------------------------
| Id  | Operation             | Name     | Rows  | Bytes | Cost (%CPU)| Time     |
----------------------------------------------------------------------------------
|   0 | SELECT STATEMENT      |          |  3000 | 12000 |     5  (20)| 00:00:01 |
|   1 |  SORT ORDER BY        |          |  3000 | 12000 |     5  (20)| 00:00:01 |
|   2 |   INDEX FAST FULL SCAN| ZAM_IDX1 |  3000 | 12000 |     4   (0)| 00:00:01 |
----------------------------------------------------------------------------------